BurteForce sample_4a 0.182
BurteForce le450_5a TLE
BurteForce le450_15b TLE
BurteForce le450_25a TLE
Selective sample_4a 0.001
Selective le450_5a TLE
Selective le450_15b TLE
Selective le450_25a TLE
DegreeOpt sample_4a 0.002
DegreeOpt le450_5a TLE
DegreeOpt le450_15b TLE
DegreeOpt le450_25a 0.143
ForwardCheck sample_4a 0.002
ForwardCheck le450_5a TLE
ForwardCheck le450_15b TLE
ForwardCheck le450_25a 0.116
MRV sample_4a 0.004
MRV le450_5a 92.432
MRV le450_15b TLE
MRV le450_25a 0.448
ColorPolling sample_4a 0.003
ColorPolling le450_5a 94.993
ColorPolling le450_15b TLE
ColorPolling le450_25a 0.433
